<?xml version="1.0" encoding="UTF-8"?>
<testng-results skipped="0" failed="1" ignored="0" total="2" passed="1">
  <reporter-output>
  </reporter-output>
  <suite name="Suite" duration-ms="27021" started-at="2020-07-14T13:02:52 IST" finished-at="2020-07-14T13:03:19 IST">
    <groups>
    </groups>
    <test name="Test" duration-ms="27021" started-at="2020-07-14T13:02:52 IST" finished-at="2020-07-14T13:03:19 IST">
      <class name="Test.ExtendReprt">
        <test-method status="PASS" signature="Extendreport()[pri:0, instance:Test.ExtendReprt@5f9d02cb]" name="Extendreport" is-config="true" duration-ms="270" started-at="2020-07-14T13:02:52 IST" finished-at="2020-07-14T13:02:52 IST">
          <reporter-output>
          </reporter-output>
        </test-method> <!-- Extendreport -->
        <test-method status="FAIL" signature="LaunchFlipkart()[pri:0, instance:Test.ExtendReprt@5f9d02cb]" name="LaunchFlipkart" duration-ms="11626" started-at="2020-07-14T13:02:52 IST" finished-at="2020-07-14T13:03:04 IST">
          <exception class="java.lang.AssertionError">
            <message>
              <![CDATA[expected [true] but found [false]]]>
            </message>
            <full-stacktrace>
              <![CDATA[java.lang.AssertionError: expected [true] but found [false]
at org.testng.Assert.fail(Assert.java:97)
at org.testng.Assert.failNotEquals(Assert.java:969)
at org.testng.Assert.assertTrue(Assert.java:43)
at org.testng.Assert.assertTrue(Assert.java:53)
at Test.ExtendReprt.LaunchFlipkart(ExtendReprt.java:43)
at sun.reflect.NativeMethodAccessorImpl.invoke0(Native Method)
at sun.reflect.NativeMethodAccessorImpl.invoke(NativeMethodAccessorImpl.java:62)
at sun.reflect.DelegatingMethodAccessorImpl.invoke(DelegatingMethodAccessorImpl.java:43)
at java.lang.reflect.Method.invoke(Method.java:498)
at org.testng.internal.MethodInvocationHelper.invokeMethod(MethodInvocationHelper.java:134)
at org.testng.internal.TestInvoker.invokeMethod(TestInvoker.java:597)
at org.testng.internal.TestInvoker.invokeTestMethod(TestInvoker.java:173)
at org.testng.internal.MethodRunner.runInSequence(MethodRunner.java:46)
at org.testng.internal.TestInvoker$MethodInvocationAgent.invoke(TestInvoker.java:816)
at org.testng.internal.TestInvoker.invokeTestMethods(TestInvoker.java:146)
at org.testng.internal.TestMethodWorker.invokeTestMethods(TestMethodWorker.java:146)
at org.testng.internal.TestMethodWorker.run(TestMethodWorker.java:128)
at java.util.ArrayList.forEach(ArrayList.java:1249)
at org.testng.TestRunner.privateRun(TestRunner.java:766)
at org.testng.TestRunner.run(TestRunner.java:587)
at org.testng.SuiteRunner.runTest(SuiteRunner.java:384)
at org.testng.SuiteRunner.access$000(SuiteRunner.java:28)
at org.testng.SuiteRunner$SuiteWorker.run(SuiteRunner.java:425)
at org.testng.internal.thread.ThreadUtil.lambda$execute$0(ThreadUtil.java:68)
at java.util.concurrent.FutureTask.run(FutureTask.java:266)
at java.util.concurrent.ThreadPoolExecutor.runWorker(ThreadPoolExecutor.java:1142)
at java.util.concurrent.ThreadPoolExecutor$Worker.run(ThreadPoolExecutor.java:617)
at java.lang.Thread.run(Thread.java:748)
]]>
            </full-stacktrace>
          </exception> <!-- java.lang.AssertionError -->
          <reporter-output>
          </reporter-output>
        </test-method> <!-- LaunchFlipkart -->
        <test-method status="PASS" signature="closebrowser()[pri:0, instance:Test.ExtendReprt@5f9d02cb]" name="closebrowser" is-config="true" duration-ms="93" started-at="2020-07-14T13:03:04 IST" finished-at="2020-07-14T13:03:04 IST">
          <reporter-output>
          </reporter-output>
        </test-method> <!-- closebrowser -->
        <test-method status="PASS" signature="LaunchFlipkart2()[pri:0, instance:Test.ExtendReprt@5f9d02cb]" name="LaunchFlipkart2" duration-ms="12773" started-at="2020-07-14T13:03:04 IST" finished-at="2020-07-14T13:03:16 IST">
          <reporter-output>
          </reporter-output>
        </test-method> <!-- LaunchFlipkart2 -->
        <test-method status="PASS" signature="closebrowser()[pri:0, instance:Test.ExtendReprt@5f9d02cb]" name="closebrowser" is-config="true" duration-ms="2184" started-at="2020-07-14T13:03:16 IST" finished-at="2020-07-14T13:03:19 IST">
          <reporter-output>
          </reporter-output>
        </test-method> <!-- closebrowser -->
      </class> <!-- Test.ExtendReprt -->
    </test> <!-- Test -->
  </suite> <!-- Suite -->
</testng-results>
